/*C20*/SET SCHEMA PUBLIC
DISCONNECT
/*C21*/SET SCHEMA PUBLIC
INSERT INTO ARTISTE VALUES(2,2,'NomArtiste2              ')
INSERT INTO CHANSON VALUES(3,3,'TitreChanson3            ',333,NULL)
INSERT INTO ALBUM VALUES(3,3,'NomAlbum                 ',NULL)
INSERT INTO ARTISTE VALUES(3,1,'NomArtiste               ')
INSERT INTO CHANSON VALUES(4,1,'TitreChanson             ',123,NULL)
INSERT INTO CHANSON VALUES(5,2,'TitreChanson2            ',323,NULL)
INSERT INTO ALBUM VALUES(4,2,'NomAlbum2                ',NULL)
INSERT INTO ALBUM VALUES(5,1,'NomAlbum                 ',NULL)
DELETE FROM ALBUM WHERE ID=3
INSERT INTO ALBUM VALUES(3,3,'NomAlbum                 ',2)
DELETE FROM CHANSON WHERE ID=3
INSERT INTO CHANSON VALUES(3,3,'TitreChanson3            ',333,3)
DELETE FROM ALBUM WHERE ID=5
INSERT INTO ALBUM VALUES(5,1,'NomAlbum                 ',3)
DELETE FROM ALBUM WHERE ID=4
INSERT INTO ALBUM VALUES(4,2,'NomAlbum2                ',3)
DELETE FROM CHANSON WHERE ID=5
INSERT INTO CHANSON VALUES(5,2,'TitreChanson2            ',323,4)
DELETE FROM CHANSON WHERE ID=4
INSERT INTO CHANSON VALUES(4,1,'TitreChanson             ',123,5)
COMMIT
DISCONNECT
/*C22*/SET SCHEMA PUBLIC
DISCONNECT
/*C23*/SET SCHEMA PUBLIC
INSERT INTO ARTISTE VALUES(4,1,'NomArtiste               ')
INSERT INTO CHANSON VALUES(6,2,'TitreChanson2            ',323,NULL)
INSERT INTO CHANSON VALUES(7,1,'TitreChanson             ',123,NULL)
INSERT INTO ALBUM VALUES(6,1,'NomAlbum                 ',NULL)
INSERT INTO ARTISTE VALUES(5,2,'NomArtiste2              ')
INSERT INTO CHANSON VALUES(8,3,'TitreChanson3            ',333,NULL)
INSERT INTO ALBUM VALUES(7,3,'NomAlbum                 ',NULL)
INSERT INTO ALBUM VALUES(8,2,'NomAlbum2                ',NULL)
DELETE FROM ALBUM WHERE ID=6
INSERT INTO ALBUM VALUES(6,1,'NomAlbum                 ',4)
DELETE FROM ALBUM WHERE ID=8
INSERT INTO ALBUM VALUES(8,2,'NomAlbum2                ',4)
DELETE FROM CHANSON WHERE ID=7
INSERT INTO CHANSON VALUES(7,1,'TitreChanson             ',123,6)
DELETE FROM ALBUM WHERE ID=7
INSERT INTO ALBUM VALUES(7,3,'NomAlbum                 ',5)
DELETE FROM CHANSON WHERE ID=8
INSERT INTO CHANSON VALUES(8,3,'TitreChanson3            ',333,7)
DELETE FROM CHANSON WHERE ID=6
INSERT INTO CHANSON VALUES(6,2,'TitreChanson2            ',323,8)
COMMIT
DISCONNECT
/*C24*/SET SCHEMA PUBLIC
DISCONNECT
/*C25*/SET SCHEMA PUBLIC
INSERT INTO ARTISTE VALUES(6,2,'NomArtiste2              ')
INSERT INTO CHANSON VALUES(9,3,'TitreChanson3            ',333,NULL)
INSERT INTO ALBUM VALUES(9,3,'NomAlbum                 ',NULL)
INSERT INTO ARTISTE VALUES(7,1,'NomArtiste               ')
INSERT INTO CHANSON VALUES(10,1,'TitreChanson             ',123,NULL)
INSERT INTO CHANSON VALUES(11,2,'TitreChanson2            ',323,NULL)
INSERT INTO ALBUM VALUES(10,2,'NomAlbum2                ',NULL)
INSERT INTO ALBUM VALUES(11,1,'NomAlbum                 ',NULL)
DELETE FROM ALBUM WHERE ID=9
INSERT INTO ALBUM VALUES(9,3,'NomAlbum                 ',6)
DELETE FROM CHANSON WHERE ID=9
INSERT INTO CHANSON VALUES(9,3,'TitreChanson3            ',333,9)
DELETE FROM ALBUM WHERE ID=11
INSERT INTO ALBUM VALUES(11,1,'NomAlbum                 ',7)
DELETE FROM ALBUM WHERE ID=10
INSERT INTO ALBUM VALUES(10,2,'NomAlbum2                ',7)
DELETE FROM CHANSON WHERE ID=11
INSERT INTO CHANSON VALUES(11,2,'TitreChanson2            ',323,10)
DELETE FROM CHANSON WHERE ID=10
INSERT INTO CHANSON VALUES(10,1,'TitreChanson             ',123,11)
COMMIT
DISCONNECT
