2014-01-16 21:10:54,254 [main] INFO  org.asal.jac.services.Main - Starting data writing program main function
2014-01-16 21:10:54,258 [main] INFO  org.asal.jac.services.Main - Default path is currently : C:\Users\Adoo
2014-01-16 21:10:54,258 [main] INFO  org.asal.jac.services.Main - Initialising database
2014-01-16 21:10:54,260 [main] INFO  org.asal.jac.dao.DbUtils - Database initialising
2014-01-16 21:10:54,269 [main] INFO  org.asal.jac.dao.DbUtils - Driver loaded
2014-01-16 21:10:54,485 [main] INFO  org.asal.jac.dao.DbUtils - Batch created
2014-01-16 21:10:54,499 [main] INFO  org.asal.jac.dao.DbUtils - Batch executed
2014-01-16 21:10:54,501 [main] INFO  org.asal.jac.services.Main - Initialising default directory : toto
2014-01-16 21:10:54,711 [main] INFO  org.hibernate.annotations.common.Version - HCANN000001: Hibernate Commons Annotations {4.0.2.Final}
2014-01-16 21:10:54,719 [main] INFO  org.hibernate.Version - HHH000412: Hibernate Core {4.2.8.Final}
2014-01-16 21:10:54,722 [main] INFO  org.hibernate.cfg.Environment - HHH000206: hibernate.properties not found
2014-01-16 21:10:54,724 [main] INFO  org.hibernate.cfg.Environment - HHH000021: Bytecode provider name : javassist
2014-01-16 21:10:54,756 [main] INFO  org.hibernate.cfg.Configuration - HHH000043: Configuring from resource: /hibernate.cfg.xml
2014-01-16 21:10:54,756 [main] INFO  org.hibernate.cfg.Configuration - HHH000040: Configuration resource: /hibernate.cfg.xml
2014-01-16 21:10:54,835 [main] INFO  org.hibernate.cfg.Configuration - HHH000221: Reading mappings from resource: Artiste.hbm.xml
2014-01-16 21:10:54,951 [main] INFO  org.hibernate.cfg.Configuration - HHH000221: Reading mappings from resource: Album.hbm.xml
2014-01-16 21:10:55,007 [main] INFO  org.hibernate.cfg.Configuration - HHH000221: Reading mappings from resource: Chanson.hbm.xml
2014-01-16 21:10:55,068 [main] INFO  org.hibernate.cfg.Configuration - HHH000041: Configured SessionFactory: null
2014-01-16 21:10:55,178 [main] INFO  org.hibernate.service.jdbc.connections.internal.DriverManagerConnectionProviderImpl - HHH000402: Using Hibernate built-in connection pool (not for production use!)
2014-01-16 21:10:55,178 [main] INFO  org.hibernate.service.jdbc.connections.internal.DriverManagerConnectionProviderImpl - HHH000115: Hibernate connection pool size: 20
2014-01-16 21:10:55,179 [main] INFO  org.hibernate.service.jdbc.connections.internal.DriverManagerConnectionProviderImpl - HHH000006: Autocommit mode: false
2014-01-16 21:10:55,179 [main] INFO  org.hibernate.service.jdbc.connections.internal.DriverManagerConnectionProviderImpl - HHH000401: using driver [org.hsqldb.jdbcDriver] at URL [jdbc:hsqldb:hsql://localhost/db]
2014-01-16 21:10:55,180 [main] INFO  org.hibernate.service.jdbc.connections.internal.DriverManagerConnectionProviderImpl - HHH000046: Connection properties: {user=sa, password=****}
2014-01-16 21:10:55,376 [main] INFO  org.hibernate.dialect.Dialect - HHH000400: Using dialect: org.hibernate.dialect.HSQLDialect
2014-01-16 21:10:55,502 [main] INFO  org.hibernate.engine.transaction.internal.TransactionFactoryInitiator - HHH000399: Using default transaction strategy (direct JDBC transactions)
2014-01-16 21:10:55,508 [main] INFO  org.hibernate.hql.internal.ast.ASTQueryTranslatorFactory - HHH000397: Using ASTQueryTranslatorFactory
2014-01-16 21:10:55,793 [main] INFO  org.hibernate.tool.hbm2ddl.SchemaUpdate - HHH000228: Running hbm2ddl schema update
2014-01-16 21:10:55,793 [main] INFO  org.hibernate.tool.hbm2ddl.SchemaUpdate - HHH000102: Fetching database metadata
2014-01-16 21:10:55,797 [main] INFO  org.hibernate.tool.hbm2ddl.SchemaUpdate - HHH000396: Updating schema
2014-01-16 21:10:55,812 [main] INFO  org.hibernate.tool.hbm2ddl.TableMetadata - HHH000261: Table found: PUBLIC.PUBLIC.ALBUM
2014-01-16 21:10:55,813 [main] INFO  org.hibernate.tool.hbm2ddl.TableMetadata - HHH000037: Columns: [id, codealbum, artisteid, nom]
2014-01-16 21:10:55,813 [main] INFO  org.hibernate.tool.hbm2ddl.TableMetadata - HHH000108: Foreign keys: []
2014-01-16 21:10:55,813 [main] INFO  org.hibernate.tool.hbm2ddl.TableMetadata - HHH000126: Indexes: [sys_idx_sys_pk_10369_10370]
2014-01-16 21:10:55,834 [main] INFO  org.hibernate.tool.hbm2ddl.TableMetadata - HHH000261: Table found: PUBLIC.PUBLIC.ARTISTE
2014-01-16 21:10:55,834 [main] INFO  org.hibernate.tool.hbm2ddl.TableMetadata - HHH000037: Columns: [id, codeartiste, nom]
2014-01-16 21:10:55,834 [main] INFO  org.hibernate.tool.hbm2ddl.TableMetadata - HHH000108: Foreign keys: []
2014-01-16 21:10:55,834 [main] INFO  org.hibernate.tool.hbm2ddl.TableMetadata - HHH000126: Indexes: [sys_idx_sys_pk_10365_10366]
2014-01-16 21:10:55,852 [main] INFO  org.hibernate.tool.hbm2ddl.TableMetadata - HHH000261: Table found: PUBLIC.PUBLIC.CHANSON
2014-01-16 21:10:55,853 [main] INFO  org.hibernate.tool.hbm2ddl.TableMetadata - HHH000037: Columns: [codechanson, id, duree, albumid, nom]
2014-01-16 21:10:55,853 [main] INFO  org.hibernate.tool.hbm2ddl.TableMetadata - HHH000108: Foreign keys: []
2014-01-16 21:10:55,853 [main] INFO  org.hibernate.tool.hbm2ddl.TableMetadata - HHH000126: Indexes: [sys_idx_sys_pk_10374_10375]
2014-01-16 21:10:55,857 [main] INFO  org.hibernate.tool.hbm2ddl.SchemaUpdate - HHH000232: Schema update complete
2014-01-16 21:10:55,952 [main] INFO  org.asal.jac.dao.DbUtils - Commencing transfer of data to database
2014-01-16 21:10:55,953 [main] INFO  org.asal.jac.dao.FileParser - Starting to extract datas
2014-01-16 21:10:55,953 [main] INFO  org.asal.jac.dao.FileParser - Starting to list files
2014-01-16 21:10:55,954 [main] INFO  org.asal.jac.dao.FileParser - File :C:\Users\Adoo\toto\fuckoff.music added
2014-01-16 21:10:55,954 [main] INFO  org.asal.jac.dao.FileParser - File :C:\Users\Adoo\toto\fuckoff.txt added
2014-01-16 21:10:55,954 [main] INFO  org.asal.jac.dao.FileParser - File :C:\Users\Adoo\toto\test.music added
2014-01-16 21:10:55,955 [main] INFO  org.asal.jac.dao.FileParser - File :C:\Users\Adoo\toto\test2.music added
2014-01-16 21:10:55,955 [main] INFO  org.asal.jac.dao.FileParser - Listing done
2014-01-16 21:10:55,955 [main] INFO  org.asal.jac.dao.FileParser - Datas extracted
2014-01-16 21:10:55,955 [main] INFO  org.asal.jac.dao.FileParser - Reading lines from file : C:\Users\Adoo\toto\fuckoff.music
2014-01-16 21:10:55,966 [main] INFO  org.asal.jac.dao.FileParser - File found: C:\Users\Adoo\toto\fuckoff.music
2014-01-16 21:10:55,966 [main] INFO  org.asal.jac.dao.FileParser - Starting to check line : lalalala
2014-01-16 21:10:55,967 [main] INFO  org.asal.jac.dao.FileParser - Line incorrect : lalalala
2014-01-16 21:10:55,967 [main] INFO  org.asal.jac.dao.FileParser - File invalid : C:\Users\Adoo\toto\fuckoff.music
It will be stocked inC:\Users\Adoo\toto\wrong
2014-01-16 21:10:55,967 [main] INFO  org.asal.jac.dao.FileParser - File C:\Users\Adoo\toto\fuckoff.music archived in C:\Users\Adoo\toto\wrong
2014-01-16 21:10:55,969 [main] INFO  org.asal.jac.dao.FileParser - Starting to write datas for file C:\Users\Adoo\toto\fuckoff.music in a Hash
2014-01-16 21:10:55,969 [main] INFO  org.asal.jac.dao.FileParser - File C:\Users\Adoo\toto\fuckoff.txt archived in C:\Users\Adoo\toto\wrong
2014-01-16 21:10:55,970 [main] INFO  org.asal.jac.dao.FileParser - Reading lines from file : C:\Users\Adoo\toto\test.music
2014-01-16 21:10:55,971 [main] INFO  org.asal.jac.dao.FileParser - File found: C:\Users\Adoo\toto\test.music
2014-01-16 21:10:55,971 [main] INFO  org.asal.jac.dao.FileParser - Starting to check line : 1, NomArtiste, 1, NomAlbum, 1, TitreChanson, 1232
2014-01-16 21:10:55,971 [main] INFO  org.asal.jac.dao.FileParser - Line correct : 1, NomArtiste, 1, NomAlbum, 1, TitreChanson, 1232
2014-01-16 21:10:55,971 [main] INFO  org.asal.jac.dao.FileParser - File : C:\Users\Adoo\toto\test.music correct
Stored in C:\Users\Adoo\toto\right
2014-01-16 21:10:55,972 [main] INFO  org.asal.jac.dao.FileParser - Starting to check line : 1, NomArtiste, 1, NomAlbum, 2, TitreChanson2, 1234
2014-01-16 21:10:55,972 [main] INFO  org.asal.jac.dao.FileParser - Line correct : 1, NomArtiste, 1, NomAlbum, 2, TitreChanson2, 1234
2014-01-16 21:10:55,972 [main] INFO  org.asal.jac.dao.FileParser - File : C:\Users\Adoo\toto\test.music correct
Stored in C:\Users\Adoo\toto\right
2014-01-16 21:10:55,972 [main] INFO  org.asal.jac.dao.FileParser - Starting to check line : 1, NomArtiste, 2, NomAlbum2, 1, TitreChansonALB2, 1233
2014-01-16 21:10:55,972 [main] INFO  org.asal.jac.dao.FileParser - Line correct : 1, NomArtiste, 2, NomAlbum2, 1, TitreChansonALB2, 1233
2014-01-16 21:10:55,972 [main] INFO  org.asal.jac.dao.FileParser - File : C:\Users\Adoo\toto\test.music correct
Stored in C:\Users\Adoo\toto\right
2014-01-16 21:10:55,972 [main] INFO  org.asal.jac.dao.FileParser - Starting to check line : 2, NomArtiste2, 3, NomAlbumNEWART, 1, TitreChansonNEWART, 1222
2014-01-16 21:10:55,973 [main] INFO  org.asal.jac.dao.FileParser - Line correct : 2, NomArtiste2, 3, NomAlbumNEWART, 1, TitreChansonNEWART, 1222
2014-01-16 21:10:55,973 [main] INFO  org.asal.jac.dao.FileParser - File : C:\Users\Adoo\toto\test.music correct
Stored in C:\Users\Adoo\toto\right
2014-01-16 21:10:55,973 [main] INFO  org.asal.jac.dao.FileParser - File C:\Users\Adoo\toto\test.music archived in C:\Users\Adoo\toto\right
2014-01-16 21:10:56,004 [main] INFO  org.asal.jac.dao.FileParser - Starting to write datas for file C:\Users\Adoo\toto\test.music in a Hash
2014-01-16 21:10:56,004 [main] INFO  org.asal.jac.dao.FileParser - Reading lines from file : C:\Users\Adoo\toto\test2.music
2014-01-16 21:10:56,005 [main] INFO  org.asal.jac.dao.FileParser - File found: C:\Users\Adoo\toto\test2.music
2014-01-16 21:10:56,005 [main] INFO  org.asal.jac.dao.FileParser - Starting to check line : 4, NomArtiste3, 23, NomAlbum", 1, TitreChanson, 1233
2014-01-16 21:10:56,005 [main] INFO  org.asal.jac.dao.FileParser - Line correct : 4, NomArtiste3, 23, NomAlbum", 1, TitreChanson, 1233
2014-01-16 21:10:56,005 [main] INFO  org.asal.jac.dao.FileParser - File : C:\Users\Adoo\toto\test2.music correct
Stored in C:\Users\Adoo\toto\right
2014-01-16 21:10:56,006 [main] INFO  org.asal.jac.dao.FileParser - Starting to check line : 4, NomArtiste3, 23, NomAlbum3, 2, TitreChanson2, 1235
2014-01-16 21:10:56,006 [main] INFO  org.asal.jac.dao.FileParser - Line correct : 4, NomArtiste3, 23, NomAlbum3, 2, TitreChanson2, 1235
2014-01-16 21:10:56,006 [main] INFO  org.asal.jac.dao.FileParser - File : C:\Users\Adoo\toto\test2.music correct
Stored in C:\Users\Adoo\toto\right
2014-01-16 21:10:56,006 [main] INFO  org.asal.jac.dao.FileParser - Starting to check line : 5, NomArtiste4, 42, NomAlbum4, 1, TitreChansonALB4, 1234
2014-01-16 21:10:56,006 [main] INFO  org.asal.jac.dao.FileParser - Line correct : 5, NomArtiste4, 42, NomAlbum4, 1, TitreChansonALB4, 1234
2014-01-16 21:10:56,006 [main] INFO  org.asal.jac.dao.FileParser - File : C:\Users\Adoo\toto\test2.music correct
Stored in C:\Users\Adoo\toto\right
2014-01-16 21:10:56,006 [main] INFO  org.asal.jac.dao.FileParser - Starting to check line : 10, NomArtiste5, 55, NomAlbumNEWART5, 1, TitreChansonNEWART5, 1223
2014-01-16 21:10:56,007 [main] INFO  org.asal.jac.dao.FileParser - Line correct : 10, NomArtiste5, 55, NomAlbumNEWART5, 1, TitreChansonNEWART5, 1223
2014-01-16 21:10:56,007 [main] INFO  org.asal.jac.dao.FileParser - File : C:\Users\Adoo\toto\test2.music correct
Stored in C:\Users\Adoo\toto\right
2014-01-16 21:10:56,007 [main] INFO  org.asal.jac.dao.FileParser - File C:\Users\Adoo\toto\test2.music archived in C:\Users\Adoo\toto\right
2014-01-16 21:10:56,008 [main] INFO  org.asal.jac.dao.FileParser - Starting to write datas for file C:\Users\Adoo\toto\test2.music in a Hash
2014-01-16 21:10:56,008 [main] INFO  org.asal.jac.dao.FileParser - Writing completed
2014-01-16 21:10:56,164 [main] INFO  org.asal.jac.dao.DbUtils - Transfer done
2014-01-16 21:10:56,167 [main] INFO  org.hibernate.service.jdbc.connections.internal.DriverManagerConnectionProviderImpl - HHH000030: Cleaning up connection pool [jdbc:hsqldb:hsql://localhost/db]
2014-01-16 21:10:56,167 [main] INFO  org.asal.jac.services.Main - End of data writing program main function
